commit e404cc3fdc91de102d1b67135314b071173ca0bf
Author: nelmiux <npererar@utexas.edu>
Date:   Sun Jun 14 18:35:55 2015 -0500

    Last Commit and Log Added
    
    I am adding the log file to the repo

commit 85b554ef51a1f140c55a49745b442d85e7171ada
Author: nelmiux <npererar@utexas.edu>
Date:   Sun Jun 14 18:01:27 2015 -0500

    Deleting Unnecessary File

commit 8b8bfb48c7093b3d1dd4859a428d407eb3189272
Author: nelmiux <npererar@utexas.edu>
Date:   Sun Jun 14 18:00:31 2015 -0500

    Final Version
    
    Comments Added to my Helper Function

commit 94197c1f3167d1287d74851ed3b87e864dfed6aa
Author: nelmiux <npererar@utexas.edu>
Date:   Sun Jun 14 17:58:14 2015 -0500

    Collatz.html Created
    
    Documented the interface of the functions

commit 27e53b015c379beee042f0e0dc86b925dbddc5b8
Author: nelmiux <npererar@utexas.edu>
Date:   Sun Jun 14 17:41:58 2015 -0500

    Accepted by Sphere

commit 692b7a30478325f527b0ef9c7d4c6c804455dd3b
Author: nelmiux <npererar@utexas.edu>
Date:   Sun Jun 14 17:34:15 2015 -0500

    Simple Cache Added
    
    I implemented a simple cache and change / operator for // to speed up
    the running time

commit 590b2baccb131e12afe0c2033fb60d37fd7690fa
Author: nelmiux <npererar@utexas.edu>
Date:   Sun Jun 14 04:32:42 2015 -0500

    Test Added

commit 04ba2d3a4d07b33853a69e38ce34a0d4c57064b3
Author: nelmiux <npererar@utexas.edu>
Date:   Sat Jun 13 22:01:42 2015 -0500

    Add Branches to Travis

commit e89d436a4485080549d995c994de88dbedeb03ca
Author: nelmiux <npererar@utexas.edu>
Date:   Sat Jun 13 21:42:40 2015 -0500

    Add Branches to Travis

commit c7837186153055ff83634138bd33b39552c531e6
Author: nelmiux <npererar@utexas.edu>
Date:   Sat Jun 13 20:20:58 2015 -0500

    Code Fixed and Accepted by Sphere
    
    I considered i > j as an invalid entry on my before solution, I fixed
    and change to an accepted entry, and then the solution was accepted by
    Sphere

commit fd7f4ae11d4ddc3cc2b6af2395dc1878cb273d14
Author: nelmiux <npererar@utexas.edu>
Date:   Sat Jun 13 10:13:29 2015 -0500

    Initial Commit

commit 8ae8ca8dd07cc5ab01ee903ae8514aebbd622305
Author: nelmiux <npererar@utexas.edu>
Date:   Sat Jun 13 10:01:49 2015 -0500

    Initial Commit

commit d408ce26187209b18e30256b8cbf0a58fd7576ff
Author: nelmiux <npererar@utexas.edu>
Date:   Sat Jun 13 09:58:34 2015 -0500

    Made Repo Private

commit 2b9c315a6a9c4ebd2f85fe2aa873c77ade6457c8
Author: nelmiux <npererar@utexas.edu>
Date:   Sat Jun 13 09:40:51 2015 -0500

    Simple Solution Implemented, TestCollatz tests fixed

commit fde3451dde13cf634c55c358927ea8a04c7b585b
Author: nelmiux <npererar@utexas.edu>
Date:   Sat Jun 13 02:18:36 2015 -0500

    TestCollatz.py Test 6 error fixed
    
    I had an error on Test 6, I make the test setting the 111 as the max
    cycle length when the correct value is 112.

commit fbfe0534ddd232bc9f0a78aeca758e8c8c64e9c9
Author: nelmiux <npererar@utexas.edu>
Date:   Sat Jun 13 00:32:22 2015 -0500

    Unit tests added to TestCollatz.py

commit dcabdccfeaf979c62fd41ea5f6887b726517855c
Author: nelmiux <npererar@utexas.edu>
Date:   Fri Jun 12 02:49:33 2015 -0500

    unit tests fixed

commit 469dd075c42a555df15d9e3303976f7d2379946f
Merge: de5bded 813dffd
Author: nelmiux <npererar@utexas.edu>
Date:   Thu Jun 11 18:17:12 2015 -0500

    Merge branch 'dev-branch'

commit 813dffdab610ea955c7fceb7ff2e258b38287c8c
Author: nelmiux <npererar@utexas.edu>
Date:   Thu Jun 11 17:48:11 2015 -0500

    Initial commit

commit ce4375a7028d16f3c0276b8ed85bba5cec12b698
Author: nelmiux <npererar@utexas.edu>
Date:   Thu Jun 11 16:13:00 2015 -0500

    Initial commit

commit de5bdedff938b7f311e9bfdc4b789b5ff8903458
Author: nelmiux <npererar@utexas.edu>
Date:   Tue Jun 9 17:29:09 2015 -0500

    :confetti_ball: Added .gitattributes & .gitignore files
