1 10 20
100 200 125
201 210 89
900 1000 174
1 1 1
7 27 112
28 53 110
54 97 119
98 129 122
130 170 117
210 201 89
171 231 128
232 312 128
313 327 144
328 648 142
649 703 171
704 871 179
872 1161 182
1162 2223 183
2224 2463 209
2464 2919 217
2920 3711 238
3712 6171 262
6172 10971 268
10972 13255 276
13256 17647 279
17648 23529 282
23530 26623 308
26624 34239 311
34240 35655 324
35656 52527 340
52528 77031 351
77032 106239 354
106240 113382 323
113383 113383 248
113384 142587 375
142588 156159 383
156159 216367 386
216368 230631 443
230632 410011 449
410012 511935 470
511936 626331 509
626332 837799 525
837800 113383 525
113384 133200 349
1 15 20
16 26 24
27 255 128
255 446 144
447 639 142
640 702 145
703 1819 182
1820 4254 238
4255 4591 215
4592 9662 262
9663 20895 279
20895 26622 282
26623 31911 308
31912 60974 340
60975 77671 351
77672 113382 354
113383 138367 349
138368 159486 383
159487 270271 443
270272 665214 509
225437 999637 525
515114 513935 364
514721 767360 509
879459 75066 525
912260 188071 525
449629 611512 470
888231 326085 525
686062 215503 509
875011 494440 525
291987 578093 470
984151 62335 525
772386 677686 504
10688 589614 470
75064 803582 509
10 1 20
27 7 112
129 313 131
1161 2223 183
410011 511935 470
775649 643320 504
294362 354600 441
717813 71827 509
314869 676656 509
866461 865628 388
937415 936686 383
620691 620809 204
99422 100184 341
568591 569452 359
860812 861451 313
447670 447998 325
516760 516478 289
955705 955767 202
660056 659316 354
135627 332676 443
482325 936654 525
649207 144209 509
226537 276690 443
306785 642629 509
895089 850736 445
690792 697052 442
450301 774986 509
999999 1 525
999999 1000000 259
1000000 1000000 153
