1 10 20
100 200 125
201 210 89
900 1000 174
1 1 1
7 27 112
28 53 110
54 97 119
98 129 122
130 170 117
171 231 128
232 312 128
313 327 144
328 648 142
649 703 171
704 871 179
872 1161 182
1162 2223 183
2224 2463 209
2464 2919 217
2920 3711 238
3712 6171 262
6172 10971 268
10972 13255 276
13256 17647 279
17648 23529 282
23530 26623 308
26624 34239 311
34240 35655 324
35656 52527 340
52528 77031 351
77032 106239 354
106240 113383 323
113384 142587 375
142588 156159 383
156159 216367 386
216368 230631 443
230632 410011 449
410012 511935 470
511936 626331 509
626332 837799 525
837800 113383 525
113384 133200 349
1 15 20
16 26 24
27 255 128
255 446 144
447 639 142
640 702 145
703 1819 182
1820 4254 238
4255 4591 215
4592 9662 262
9663 20895 279
20895 26622 282
26623 31911 308
31912 60974 340
60975 77671 351
77672 113382 354
113383 138367 349
138368 159486 383
159487 270271 443
270272 665214 509
665215 704511 442
10 1 20
27 7 112
129 313 131
1161 2223 183
410011 511935 470
